<?xml version="1.0" encoding="UTF-8"?>
<!-- Generated by org.testng.reporters.JUnitReportReporter -->
<testsuite hostname="DESKTOP-GR9A418" failures="0" tests="1" name="runner.Runner" time="9.002" errors="0" timestamp="2024-07-16T14:31:55 IST" skipped="0">
  <testcase classname="runner.Runner" name="runScenario" time="9.002"/>
  <system-out/>
</testsuite> <!-- runner.Runner -->
